<html xmlns:string="xalan://java.lang.String" xmlns:lxslt="http://xml.apache.org/xslt">
<head>
<META http-equiv="Content-Type" content="text/html; charset=UTF-8">
<title>Standard Error from TuplesEmlSelectTest</title>
</head>
<body>
<pre>java.io.FileNotFoundException: tuples1.csv (No such file or directory)
	at java.io.FileInputStream.open(Native Method)
	at java.io.FileInputStream.&lt;init&gt;(FileInputStream.java:146)
	at ca.uqac.lif.cep.io.StreamReader.build(StreamReader.java:213)
	at sun.reflect.NativeMethodAccessorImpl.invoke0(Native Method)
	at sun.reflect.NativeMethodAccessorImpl.invoke(NativeMethodAccessorImpl.java:57)
	at sun.reflect.DelegatingMethodAccessorImpl.invoke(DelegatingMethodAccessorImpl.java:43)
	at java.lang.reflect.Method.invoke(Method.java:606)
	at ca.uqac.lif.cep.interpreter.Interpreter.visitAssociation(Interpreter.java:446)
	at ca.uqac.lif.cep.interpreter.Interpreter.visit(Interpreter.java:389)
	at ca.uqac.lif.bullwinkle.ParseNode.postfixAccept(ParseNode.java:120)
	at ca.uqac.lif.bullwinkle.ParseNode.postfixAccept(ParseNode.java:118)
	at ca.uqac.lif.bullwinkle.ParseNode.postfixAccept(ParseNode.java:118)
	at ca.uqac.lif.bullwinkle.ParseNode.postfixAccept(ParseNode.java:118)
	at ca.uqac.lif.bullwinkle.ParseNode.postfixAccept(ParseNode.java:118)
	at ca.uqac.lif.bullwinkle.ParseNode.postfixAccept(ParseNode.java:118)
	at ca.uqac.lif.bullwinkle.ParseNode.postfixAccept(ParseNode.java:118)
	at ca.uqac.lif.bullwinkle.ParseNode.postfixAccept(ParseNode.java:118)
	at ca.uqac.lif.bullwinkle.ParseNode.postfixAccept(ParseNode.java:118)
	at ca.uqac.lif.bullwinkle.ParseNode.postfixAccept(ParseNode.java:118)
	at ca.uqac.lif.bullwinkle.ParseNode.postfixAccept(ParseNode.java:118)
	at ca.uqac.lif.bullwinkle.ParseNode.postfixAccept(ParseNode.java:118)
	at ca.uqac.lif.bullwinkle.ParseNode.postfixAccept(ParseNode.java:118)
	at ca.uqac.lif.bullwinkle.ParseNode.postfixAccept(ParseNode.java:118)
	at ca.uqac.lif.cep.interpreter.Interpreter.parseStatement(Interpreter.java:611)
	at ca.uqac.lif.cep.interpreter.Interpreter.parseQuery(Interpreter.java:592)
	at ca.uqac.lif.cep.tuples.TuplesEmlSelectTest.testSelectMixed1(TuplesEmlSelectTest.java:296)
	at sun.reflect.NativeMethodAccessorImpl.invoke0(Native Method)
	at sun.reflect.NativeMethodAccessorImpl.invoke(NativeMethodAccessorImpl.java:57)
	at sun.reflect.DelegatingMethodAccessorImpl.invoke(DelegatingMethodAccessorImpl.java:43)
	at java.lang.reflect.Method.invoke(Method.java:606)
	at org.junit.runners.model.FrameworkMethod$1.runReflectiveCall(FrameworkMethod.java:50)
	at org.junit.internal.runners.model.ReflectiveCallable.run(ReflectiveCallable.java:12)
	at org.junit.runners.model.FrameworkMethod.invokeExplosively(FrameworkMethod.java:47)
	at org.junit.internal.runners.statements.InvokeMethod.evaluate(InvokeMethod.java:17)
	at org.junit.internal.runners.statements.RunBefores.evaluate(RunBefores.java:26)
	at org.junit.runners.ParentRunner.runLeaf(ParentRunner.java:325)
	at org.junit.runners.BlockJUnit4ClassRunner.runChild(BlockJUnit4ClassRunner.java:78)
	at org.junit.runners.BlockJUnit4ClassRunner.runChild(BlockJUnit4ClassRunner.java:57)
	at org.junit.runners.ParentRunner$3.run(ParentRunner.java:290)
	at org.junit.runners.ParentRunner$1.schedule(ParentRunner.java:71)
	at org.junit.runners.ParentRunner.runChildren(ParentRunner.java:288)
	at org.junit.runners.ParentRunner.access$000(ParentRunner.java:58)
	at org.junit.runners.ParentRunner$2.evaluate(ParentRunner.java:268)
	at org.junit.runners.ParentRunner.run(ParentRunner.java:363)
	at junit.framework.JUnit4TestAdapter.run(JUnit4TestAdapter.java:38)
	at org.apache.tools.ant.taskdefs.optional.junit.JUnitTestRunner.run(JUnitTestRunner.java:532)
	at org.apache.tools.ant.taskdefs.optional.junit.JUnitTestRunner.launch(JUnitTestRunner.java:1165)
	at org.apache.tools.ant.taskdefs.optional.junit.JUnitTestRunner.main(JUnitTestRunner.java:1016)
java.io.FileNotFoundException: tuples2.csv (No such file or directory)
	at java.io.FileInputStream.open(Native Method)
	at java.io.FileInputStream.&lt;init&gt;(FileInputStream.java:146)
	at ca.uqac.lif.cep.io.StreamReader.build(StreamReader.java:213)
	at sun.reflect.NativeMethodAccessorImpl.invoke0(Native Method)
	at sun.reflect.NativeMethodAccessorImpl.invoke(NativeMethodAccessorImpl.java:57)
	at sun.reflect.DelegatingMethodAccessorImpl.invoke(DelegatingMethodAccessorImpl.java:43)
	at java.lang.reflect.Method.invoke(Method.java:606)
	at ca.uqac.lif.cep.interpreter.Interpreter.visitAssociation(Interpreter.java:446)
	at ca.uqac.lif.cep.interpreter.Interpreter.visit(Interpreter.java:389)
	at ca.uqac.lif.bullwinkle.ParseNode.postfixAccept(ParseNode.java:120)
	at ca.uqac.lif.bullwinkle.ParseNode.postfixAccept(ParseNode.java:118)
	at ca.uqac.lif.bullwinkle.ParseNode.postfixAccept(ParseNode.java:118)
	at ca.uqac.lif.bullwinkle.ParseNode.postfixAccept(ParseNode.java:118)
	at ca.uqac.lif.bullwinkle.ParseNode.postfixAccept(ParseNode.java:118)
	at ca.uqac.lif.bullwinkle.ParseNode.postfixAccept(ParseNode.java:118)
	at ca.uqac.lif.bullwinkle.ParseNode.postfixAccept(ParseNode.java:118)
	at ca.uqac.lif.bullwinkle.ParseNode.postfixAccept(ParseNode.java:118)
	at ca.uqac.lif.bullwinkle.ParseNode.postfixAccept(ParseNode.java:118)
	at ca.uqac.lif.bullwinkle.ParseNode.postfixAccept(ParseNode.java:118)
	at ca.uqac.lif.bullwinkle.ParseNode.postfixAccept(ParseNode.java:118)
	at ca.uqac.lif.bullwinkle.ParseNode.postfixAccept(ParseNode.java:118)
	at ca.uqac.lif.bullwinkle.ParseNode.postfixAccept(ParseNode.java:118)
	at ca.uqac.lif.bullwinkle.ParseNode.postfixAccept(ParseNode.java:118)
	at ca.uqac.lif.bullwinkle.ParseNode.postfixAccept(ParseNode.java:118)
	at ca.uqac.lif.cep.interpreter.Interpreter.parseStatement(Interpreter.java:611)
	at ca.uqac.lif.cep.interpreter.Interpreter.parseQuery(Interpreter.java:592)
	at ca.uqac.lif.cep.tuples.TuplesEmlSelectTest.testSelectMixed1(TuplesEmlSelectTest.java:296)
	at sun.reflect.NativeMethodAccessorImpl.invoke0(Native Method)
	at sun.reflect.NativeMethodAccessorImpl.invoke(NativeMethodAccessorImpl.java:57)
	at sun.reflect.DelegatingMethodAccessorImpl.invoke(DelegatingMethodAccessorImpl.java:43)
	at java.lang.reflect.Method.invoke(Method.java:606)
	at org.junit.runners.model.FrameworkMethod$1.runReflectiveCall(FrameworkMethod.java:50)
	at org.junit.internal.runners.model.ReflectiveCallable.run(ReflectiveCallable.java:12)
	at org.junit.runners.model.FrameworkMethod.invokeExplosively(FrameworkMethod.java:47)
	at org.junit.internal.runners.statements.InvokeMethod.evaluate(InvokeMethod.java:17)
	at org.junit.internal.runners.statements.RunBefores.evaluate(RunBefores.java:26)
	at org.junit.runners.ParentRunner.runLeaf(ParentRunner.java:325)
	at org.junit.runners.BlockJUnit4ClassRunner.runChild(BlockJUnit4ClassRunner.java:78)
	at org.junit.runners.BlockJUnit4ClassRunner.runChild(BlockJUnit4ClassRunner.java:57)
	at org.junit.runners.ParentRunner$3.run(ParentRunner.java:290)
	at org.junit.runners.ParentRunner$1.schedule(ParentRunner.java:71)
	at org.junit.runners.ParentRunner.runChildren(ParentRunner.java:288)
	at org.junit.runners.ParentRunner.access$000(ParentRunner.java:58)
	at org.junit.runners.ParentRunner$2.evaluate(ParentRunner.java:268)
	at org.junit.runners.ParentRunner.run(ParentRunner.java:363)
	at junit.framework.JUnit4TestAdapter.run(JUnit4TestAdapter.java:38)
	at org.apache.tools.ant.taskdefs.optional.junit.JUnitTestRunner.run(JUnitTestRunner.java:532)
	at org.apache.tools.ant.taskdefs.optional.junit.JUnitTestRunner.launch(JUnitTestRunner.java:1165)
	at org.apache.tools.ant.taskdefs.optional.junit.JUnitTestRunner.main(JUnitTestRunner.java:1016)
java.io.FileNotFoundException: tuples1.csv (No such file or directory)
	at java.io.FileInputStream.open(Native Method)
	at java.io.FileInputStream.&lt;init&gt;(FileInputStream.java:146)
	at ca.uqac.lif.cep.io.StreamReader.build(StreamReader.java:213)
	at sun.reflect.NativeMethodAccessorImpl.invoke0(Native Method)
	at sun.reflect.NativeMethodAccessorImpl.invoke(NativeMethodAccessorImpl.java:57)
	at sun.reflect.DelegatingMethodAccessorImpl.invoke(DelegatingMethodAccessorImpl.java:43)
	at java.lang.reflect.Method.invoke(Method.java:606)
	at ca.uqac.lif.cep.interpreter.Interpreter.visitAssociation(Interpreter.java:446)
	at ca.uqac.lif.cep.interpreter.Interpreter.visit(Interpreter.java:389)
	at ca.uqac.lif.bullwinkle.ParseNode.postfixAccept(ParseNode.java:120)
	at ca.uqac.lif.bullwinkle.ParseNode.postfixAccept(ParseNode.java:118)
	at ca.uqac.lif.bullwinkle.ParseNode.postfixAccept(ParseNode.java:118)
	at ca.uqac.lif.bullwinkle.ParseNode.postfixAccept(ParseNode.java:118)
	at ca.uqac.lif.bullwinkle.ParseNode.postfixAccept(ParseNode.java:118)
	at ca.uqac.lif.bullwinkle.ParseNode.postfixAccept(ParseNode.java:118)
	at ca.uqac.lif.cep.interpreter.Interpreter.parseStatement(Interpreter.java:611)
	at ca.uqac.lif.cep.interpreter.Interpreter.parseQuery(Interpreter.java:592)
	at ca.uqac.lif.cep.tuples.TuplesEmlSelectTest.testTupleFeeder1(TuplesEmlSelectTest.java:328)
	at sun.reflect.NativeMethodAccessorImpl.invoke0(Native Method)
	at sun.reflect.NativeMethodAccessorImpl.invoke(NativeMethodAccessorImpl.java:57)
	at sun.reflect.DelegatingMethodAccessorImpl.invoke(DelegatingMethodAccessorImpl.java:43)
	at java.lang.reflect.Method.invoke(Method.java:606)
	at org.junit.runners.model.FrameworkMethod$1.runReflectiveCall(FrameworkMethod.java:50)
	at org.junit.internal.runners.model.ReflectiveCallable.run(ReflectiveCallable.java:12)
	at org.junit.runners.model.FrameworkMethod.invokeExplosively(FrameworkMethod.java:47)
	at org.junit.internal.runners.statements.InvokeMethod.evaluate(InvokeMethod.java:17)
	at org.junit.internal.runners.statements.RunBefores.evaluate(RunBefores.java:26)
	at org.junit.runners.ParentRunner.runLeaf(ParentRunner.java:325)
	at org.junit.runners.BlockJUnit4ClassRunner.runChild(BlockJUnit4ClassRunner.java:78)
	at org.junit.runners.BlockJUnit4ClassRunner.runChild(BlockJUnit4ClassRunner.java:57)
	at org.junit.runners.ParentRunner$3.run(ParentRunner.java:290)
	at org.junit.runners.ParentRunner$1.schedule(ParentRunner.java:71)
	at org.junit.runners.ParentRunner.runChildren(ParentRunner.java:288)
	at org.junit.runners.ParentRunner.access$000(ParentRunner.java:58)
	at org.junit.runners.ParentRunner$2.evaluate(ParentRunner.java:268)
	at org.junit.runners.ParentRunner.run(ParentRunner.java:363)
	at junit.framework.JUnit4TestAdapter.run(JUnit4TestAdapter.java:38)
	at org.apache.tools.ant.taskdefs.optional.junit.JUnitTestRunner.run(JUnitTestRunner.java:532)
	at org.apache.tools.ant.taskdefs.optional.junit.JUnitTestRunner.launch(JUnitTestRunner.java:1165)
	at org.apache.tools.ant.taskdefs.optional.junit.JUnitTestRunner.main(JUnitTestRunner.java:1016)
java.io.FileNotFoundException: tuples1.csv (No such file or directory)
	at java.io.FileInputStream.open(Native Method)
	at java.io.FileInputStream.&lt;init&gt;(FileInputStream.java:146)
	at ca.uqac.lif.cep.io.StreamReader.build(StreamReader.java:213)
	at sun.reflect.NativeMethodAccessorImpl.invoke0(Native Method)
	at sun.reflect.NativeMethodAccessorImpl.invoke(NativeMethodAccessorImpl.java:57)
	at sun.reflect.DelegatingMethodAccessorImpl.invoke(DelegatingMethodAccessorImpl.java:43)
	at java.lang.reflect.Method.invoke(Method.java:606)
	at ca.uqac.lif.cep.interpreter.Interpreter.visitAssociation(Interpreter.java:446)
	at ca.uqac.lif.cep.interpreter.Interpreter.visit(Interpreter.java:389)
	at ca.uqac.lif.bullwinkle.ParseNode.postfixAccept(ParseNode.java:120)
	at ca.uqac.lif.bullwinkle.ParseNode.postfixAccept(ParseNode.java:118)
	at ca.uqac.lif.bullwinkle.ParseNode.postfixAccept(ParseNode.java:118)
	at ca.uqac.lif.bullwinkle.ParseNode.postfixAccept(ParseNode.java:118)
	at ca.uqac.lif.bullwinkle.ParseNode.postfixAccept(ParseNode.java:118)
	at ca.uqac.lif.bullwinkle.ParseNode.postfixAccept(ParseNode.java:118)
	at ca.uqac.lif.bullwinkle.ParseNode.postfixAccept(ParseNode.java:118)
	at ca.uqac.lif.bullwinkle.ParseNode.postfixAccept(ParseNode.java:118)
	at ca.uqac.lif.bullwinkle.ParseNode.postfixAccept(ParseNode.java:118)
	at ca.uqac.lif.cep.interpreter.Interpreter.parseStatement(Interpreter.java:611)
	at ca.uqac.lif.cep.interpreter.Interpreter.parseQuery(Interpreter.java:592)
	at ca.uqac.lif.cep.tuples.TuplesEmlSelectTest.testWhere1(TuplesEmlSelectTest.java:393)
	at sun.reflect.NativeMethodAccessorImpl.invoke0(Native Method)
	at sun.reflect.NativeMethodAccessorImpl.invoke(NativeMethodAccessorImpl.java:57)
	at sun.reflect.DelegatingMethodAccessorImpl.invoke(DelegatingMethodAccessorImpl.java:43)
	at java.lang.reflect.Method.invoke(Method.java:606)
	at org.junit.runners.model.FrameworkMethod$1.runReflectiveCall(FrameworkMethod.java:50)
	at org.junit.internal.runners.model.ReflectiveCallable.run(ReflectiveCallable.java:12)
	at org.junit.runners.model.FrameworkMethod.invokeExplosively(FrameworkMethod.java:47)
	at org.junit.internal.runners.statements.InvokeMethod.evaluate(InvokeMethod.java:17)
	at org.junit.internal.runners.statements.RunBefores.evaluate(RunBefores.java:26)
	at org.junit.runners.ParentRunner.runLeaf(ParentRunner.java:325)
	at org.junit.runners.BlockJUnit4ClassRunner.runChild(BlockJUnit4ClassRunner.java:78)
	at org.junit.runners.BlockJUnit4ClassRunner.runChild(BlockJUnit4ClassRunner.java:57)
	at org.junit.runners.ParentRunner$3.run(ParentRunner.java:290)
	at org.junit.runners.ParentRunner$1.schedule(ParentRunner.java:71)
	at org.junit.runners.ParentRunner.runChildren(ParentRunner.java:288)
	at org.junit.runners.ParentRunner.access$000(ParentRunner.java:58)
	at org.junit.runners.ParentRunner$2.evaluate(ParentRunner.java:268)
	at org.junit.runners.ParentRunner.run(ParentRunner.java:363)
	at junit.framework.JUnit4TestAdapter.run(JUnit4TestAdapter.java:38)
	at org.apache.tools.ant.taskdefs.optional.junit.JUnitTestRunner.run(JUnitTestRunner.java:532)
	at org.apache.tools.ant.taskdefs.optional.junit.JUnitTestRunner.launch(JUnitTestRunner.java:1165)
	at org.apache.tools.ant.taskdefs.optional.junit.JUnitTestRunner.main(JUnitTestRunner.java:1016)
</pre>
</body>
</html>
